WRITE	['000010000a00001bc0bfcbd796141cde6f']	CentralChallengeRequest[appInstanceId=0,centralChallenge={27,-64,-65,-53,-41,-106,20,28},cargo={0,0,27,-64,-65,-53,-41,-106,20,28}]

WRITE	['0101120116010075ed1f50c234b2182086f3bdf8']	Message not fully formed
WRITE	['00010e4e6733ec5d930ccf']	Unknown opcode 14
READ	['0001130103010001e8cc', '000011001e0100b0d9b38da4fa066624e73f91ddfc7c2bfeba93103363b65d2cc1538f2a']	ERROR
WRITE	['0002200200382c']	ApiVersionRequest[cargo={}]

READ	['0002210204020005008237']	ApiVersionResponse[majorVersion=2,minorVersion=5,cargo={2,0,5,0}]

WRITE	['0003540300c11b']	PumpVersionRequest[cargo={}]

WRITE	['00043604005d77']	TimeSinceResetRequest[cargo={}]

READ	['000437040850bf8d1a760c0000dcfd', '00035503309fc00b3f9fc00b3f00000000000000007e4f6705df6a0f0030000000000000']	ERROR
WRITE	['0005a005010077b6']	ERROR
READ	['0005a1050600009add2476065f']	PumpFeaturesV2Response[pumpFeaturesBitmask=1982127514,status=0,supportedFeatureIndex=0,cargo={0,0,-102,-35,36,118}]

WRITE	['0006a0060104a3af']	ERROR
READ	['0006a1060600041a000000fb30']	PumpFeaturesV2Response[pumpFeaturesBitmask=26,status=0,supportedFeatureIndex=4,cargo={0,4,26,0,0,0}]

WRITE	['00073607000e22']	TimeSinceResetRequest[cargo={}]

READ	['000737070850bf8d1a770c0000a73a']	TimeSinceResetResponse[pumpTime=3191,timeSinceReset=445497168,cargo={80,-65,-115,26,119,12,0,0}]

WRITE	['0008240800331f']	InsulinStatusRequest[cargo={}]

READ	['0008250804000000146e30']	InsulinStatusResponse[currentInsulinAmount=0,insulinLowAmount=20,isEstimate=0,cargo={0,0,0,20}]

WRITE	['0009320900c1dd']	LastBGRequest[cargo={}]

READ	['000933090700000000000000a9f8']	LastBGResponse[bgSource=0,bgTimestamp=0,bgValue=0,cargo={0,0,0,0,0,0,0}]

WRITE	['000a2a0a005062']	TempRateRequest[cargo={}]

READ	['000a2b0a0a00000000000000000000e4de']	TempRateResponse[active=false,duration=0,percentage=0,startTime=0,cargo={0,0,0,0,0,0,0,0,0,0}]

WRITE	['000b280b00013f']	CurrentBasalStatusRequest[cargo={}]

READ	['000b290b09000000000000000001df1d']	CurrentBasalStatusResponse[basalModifiedBitmask=1,currentBasalRate=0,profileBasalRate=0,cargo={0,0,0,0,0,0,0,0,1}]

WRITE	['000c380c00f5e5']	HomeScreenMirrorRequest[cargo={}]

READ	['000c390c0900ffc8c8c804c80000a4a5']	HomeScreenMirrorResponse[apControlStateIcon=200,basalStatusIcon=4,bolusStatusIcon=200,cgmAlertIcon=255,cgmDisplayData=false,cgmTrendIcon=0,remainingInsulinPlusIcon=false,statusIcon0=200,statusIcon1=200,cargo={0,-1,-56,-56,-56,4,-56,0,0}]

WRITE	['000d2c0d006749']	CurrentBolusStatusRequest[cargo={}]

READ	['000d2d0d0f000000c8c80000000000000000000055ef']	CurrentBolusStatusResponse[bolusId=0,bolusSource=0,bolusTypeBitmask=0,requestedVolume=0,status=0,timestamp=0,cargo={0,0,0,-56,-56,0,0,0,0,0,0,0,0,0,0}]

WRITE	['000e2e0e005472']	ExtendedBolusStatusRequest[cargo={}]

READ	['000e2f0e12000000c8c80000000000000000000000000031ae']	ExtendedBolusStatusResponse[bolusId=0,bolusSource=0,bolusStatus=0,duration=0,requestedVolume=0,timestamp=0,cargo={0,0,0,-56,-56,0,0,0,0,0,0,0,0,0,0,0,0,0}]

WRITE	['000f3e0f000602']	ProfileStatusRequest[cargo={}]

READ	['000f3f0f0800ffffffffffffff9bed']	ProfileStatusResponse[activeSegmentIndex=-1,idpSlot0Id=-1,idpSlot1Id=-1,idpSlot2Id=-1,idpSlot3Id=-1,idpSlot4Id=-1,idpSlot5Id=-1,numberOfProfiles=0,cargo={0,-1,-1,-1,-1,-1,-1,-1}]

WRITE	['0010441000820e']	AlertStatusRequest[cargo={}]

READ	['00104510080000000000000000bda4']	AlertStatusResponse[cargo={0,0,0,0,0,0,0,0}]

WRITE	['00114a1100b226']	CGMAlertStatusRequest[cargo={}]

READ	['00114b110800000000000000008298']	CGMAlertStatusResponse[cargo={0,0,0,0,0,0,0,0}]

WRITE	['00124612008006']	AlarmStatusRequest[cargo={}]

READ	['0012471208000000000000000084da']	AlarmStatusResponse[cargo={0,0,0,0,0,0,0,0}]

WRITE	['0013481300b02e']	ReminderStatusRequest[cargo={}]

READ	['00134913080000000000000000bbe6']	ReminderStatusResponse[cargo={0,0,0,0,0,0,0,0}]

WRITE	['00148a1400b0ff']	BasalLimitSettingsRequest[cargo={}]

READ	['00148b1408b80b0000b80b0000c6fd']	BasalLimitSettingsResponse[basalLimit=3000,basalLimitDefault=3000,cargo={-72,11,0,0,-72,11,0,0}]

WRITE	['00158c1500217e']	GlobalMaxBolusSettingsRequest[cargo={}]

READ	['00158d150410271027b92f']	GlobalMaxBolusSettingsResponse[maxBolus=10000,maxBolusDefault=10000,cargo={16,39,16,39}]

WRITE	['00165816002692']	RemindersRequest[cargo={}]

WRITE	['001756170016ba']	PumpGlobalsRequest[cargo={}]

READ	['001757170e00f401d007000003000000000000b2e7', '00165916690f000000000000000000007800000000000000000000000000000000000000']	ERROR
WRITE	['0018521800e876']	PumpSettingsRequest[cargo={}]

READ	['00185318091446010c00001e000021eb']	PumpSettingsResponse[autoShutdownDuration=12,autoShutdownEnabled=1,cannulaPrimeSize=70,featureLock=0,lowInsulinThreshold=20,oledTimeout=30,status=0,cargo={20,70,1,12,0,0,30,0,0}]

WRITE	['00195a190078ec']	CGMGlucoseAlertSettingsRequest[cargo={}]

READ	['00195b190cc80001000007500001000007a5da']	CGMGlucoseAlertSettingsResponse[highGlucoseAlertDefaultBitmask=7,highGlucoseAlertEnabled=1,highGlucoseAlertThreshold=200,highGlucoseRepeatDuration=0,lowGlucoseAlertDefaultBitmask=7,lowGlucoseAlertEnabled=1,lowGlucoseAlertThreshold=80,lowGlucoseRepeatDuration=0,cargo={-56,0,1,0,0,7,80,0,1,0,0,7}]

WRITE	['001a5c1a008b0b']	CGMRateAlertSettingsRequest[cargo={}]

READ	['001a5d1a06030005030005db3c']	CGMRateAlertSettingsResponse[fallRateDefaultBitmask=5,fallRateEnabled=0,fallRateThreshold=3,riseRateDefaultBitmask=5,riseRateEnabled=0,riseRateThreshold=3,cargo={3,0,5,3,0,5}]

WRITE	['001b5e1b00da56']	CGMOORAlertSettingsRequest[cargo={}]

READ	['001b5f1b03140105c934']	CGMOORAlertSettingsResponse[sensorTimeoutAlertEnabled=1,sensorTimeoutAlertThreshold=20,sensorTimeoutDefaultBitmask=5,cargo={20,1,5}]

WRITE	['001c601c00e911']	CGMHardwareInfoRequest[cargo={}]

READ	['001c611c113030303030310000000000000000000002d2cc']	CGMHardwareInfoResponse[hardwareInfoString=000001,lastByte=2,cargo={48,48,48,48,48,49,0,0,0,0,0,0,0,0,0,0,2}]

WRITE	['001db21d002c29']	ControlIQInfoV2Request[cargo={}]

READ	['001db31d130000000000000000040000000000000000000095d3']	ControlIQInfoV2Response[byte6=0,byte7=0,byte8=4,closedLoopEnabled=false,controlStateType=0,currentUserModeType=0,exerciseChoice=0,exerciseDuration=0,totalDailyInsulin=0,weight=0,weightUnit=0,cargo={0,0,0,0,0,0,0,0,4,0,0,0,0,0,0,0,0,0,0}]

WRITE	['001e901e00d994']	CurrentBatteryV2Request[cargo={}]

READ	['001e911e0b6464000000000000000000fa96']	CurrentBatteryV2Response[chargingStatus=0,currentBatteryAbc=100,currentBatteryIbc=100,unknown1=0,unknown2=0,unknown3=0,unknown4=0,cargo={100,100,0,0,0,0,0,0,0,0,0}]

WRITE	['001f6c1f00db31']	ControlIQIOBRequest[cargo={}]

READ	['001f6d1f110000000000000000000000000000000000075b']	ControlIQIOBResponse[iobType=0,mudaliarIOB=0,mudaliarTotalIOB=0,swan6hrIOB=0,timeRemainingSeconds=0,cargo={0,0,0,0,0,0,0,0,0,0,0,0,0,0,0,0,0}]

WRITE	['0020502000b494']	CGMStatusRequest[cargo={}]

READ	['002051200a00000000000000000000964d']	CGMStatusResponse[lastCalibrationTimestamp=0,sensorStartedTimestamp=0,sessionState=0,transmitterBatteryStatus=0,cargo={0,0,0,0,0,0,0,0,0,0}]

WRITE	['0021222100ed11']	CurrentEGVGuiDataRequest[cargo={}]

READ	['00212321080000000000000400fcb5']	CurrentEGVGuiDataResponse[bgReadingTimestampSeconds=0,cgmReading=0,egvStatus=4,trendRate=0,cargo={0,0,0,0,0,0,4,0}]

WRITE	['0022a4220044cd']	Unknown opcode -92
READ	['0022a522180000000000000000000000000000000000000000000000001436']	Unknown opcode -91
WRITE	['00233a23004d9d']	HistoryLogStatusRequest[cargo={}]

READ	['00233b230cd811000000000000d7110000b61c']	HistoryLogStatusResponse[firstSequenceNum=0,lastSequenceNum=4567,numEntries=4568,cargo={-40,17,0,0,0,0,0,0,-41,17,0,0}]

WRITE	['0024b224002196']	ControlIQInfoV2Request[cargo={}]

READ	['0024b3241300000000000000000400000000000000000000634a']	ControlIQInfoV2Response[byte6=0,byte7=0,byte8=4,closedLoopEnabled=false,controlStateType=0,currentUserModeType=0,exerciseChoice=0,exerciseDuration=0,totalDailyInsulin=0,weight=0,weightUnit=0,cargo={0,0,0,0,0,0,0,0,4,0,0,0,0,0,0,0,0,0,0}]

WRITE	['00256a25002569']	ControlIQSleepScheduleRequest[cargo={}]

READ	['00256b251800006405a40100006405a40100006405a40100006405a401ba86']	ControlIQSleepScheduleResponse[schedule0=ControlIQSleepScheduleResponse.SleepSchedule[activeDays=0,enabled=0,endTime=420,startTime=1380],schedule1=ControlIQSleepScheduleResponse.SleepSchedule[activeDays=0,enabled=0,endTime=420,startTime=1380],schedule2=ControlIQSleepScheduleResponse.SleepSchedule[activeDays=0,enabled=0,endTime=420,startTime=1380],schedule3=ControlIQSleepScheduleResponse.SleepSchedule[activeDays=0,enabled=0,endTime=420,startTime=1380],cargo={0,0,100,5,-92,1,0,0,100,5,-92,1,0,0,100,5,-92,1,0,0,100,5,-92,1}]

WRITE	['00266a2600763c']	ControlIQSleepScheduleRequest[cargo={}]

READ	['00266b261800006405a40100006405a40100006405a40100006405a4013862']	ControlIQSleepScheduleResponse[schedule0=ControlIQSleepScheduleResponse.SleepSchedule[activeDays=0,enabled=0,endTime=420,startTime=1380],schedule1=ControlIQSleepScheduleResponse.SleepSchedule[activeDays=0,enabled=0,endTime=420,startTime=1380],schedule2=ControlIQSleepScheduleResponse.SleepSchedule[activeDays=0,enabled=0,endTime=420,startTime=1380],schedule3=ControlIQSleepScheduleResponse.SleepSchedule[activeDays=0,enabled=0,endTime=420,startTime=1380],cargo={0,0,100,5,-92,1,0,0,100,5,-92,1,0,0,100,5,-92,1,0,0,100,5,-92,1}]

WRITE	['0027362700e824']	TimeSinceResetRequest[cargo={}]

READ	['00273727085cbf8d1a830c0000a147']	TimeSinceResetResponse[pumpTime=3203,timeSinceReset=445497180,cargo={92,-65,-115,26,-125,12,0,0}]

WRITE	['0028362800d634']	TimeSinceResetRequest[cargo={}]

READ	['002837280899bf8d1ac00c0000bfa7']	TimeSinceResetResponse[pumpTime=3264,timeSinceReset=445497241,cargo={-103,-65,-115,26,-64,12,0,0}]

WRITE	['000010000a00006dc6021e1c87fefb3ef4']	CentralChallengeRequest[appInstanceId=0,centralChallenge={109,-58,2,30,28,-121,-2,-5},cargo={0,0,109,-58,2,30,28,-121,-2,-5}]

WRITE	['0101120116010018755c365e2010868fb551771a']	Message not fully formed
WRITE	['0001347a1134cf9ac1ecea']	ERROR
READ	['0001130103010001e8cc', '000011001e0100fb33581b40a4ecbd7f55df4c0a287ce6ca6ffca41c0108f69b9c662c57']	ERROR
WRITE	['0002200200382c']	ApiVersionRequest[cargo={}]

READ	['0002210204020005008237']	ApiVersionResponse[majorVersion=2,minorVersion=5,cargo={2,0,5,0}]

WRITE	['0003540300c11b']	PumpVersionRequest[cargo={}]

WRITE	['00043604005d77']	TimeSinceResetRequest[cargo={}]

READ	['0004370408a9bf8d1ad00c0000b724', '00035503309fc00b3f9fc00b3f00000000000000007e4f6705df6a0f0030000000000000']	ERROR
WRITE	['0005a005010077b6']	ERROR
READ	['0005a1050600009add2476065f']	PumpFeaturesV2Response[pumpFeaturesBitmask=1982127514,status=0,supportedFeatureIndex=0,cargo={0,0,-102,-35,36,118}]

WRITE	['0006a0060104a3af']	ERROR
READ	['0006a1060600041a000000fb30']	PumpFeaturesV2Response[pumpFeaturesBitmask=26,status=0,supportedFeatureIndex=4,cargo={0,4,26,0,0,0}]

WRITE	['00073607000e22']	TimeSinceResetRequest[cargo={}]

READ	['0007370708a9bf8d1ad00c00007895']	TimeSinceResetResponse[pumpTime=3280,timeSinceReset=445497257,cargo={-87,-65,-115,26,-48,12,0,0}]

WRITE	['0008240800331f']	InsulinStatusRequest[cargo={}]

READ	['0008250804000000146e30']	InsulinStatusResponse[currentInsulinAmount=0,insulinLowAmount=20,isEstimate=0,cargo={0,0,0,20}]

WRITE	['0009320900c1dd']	LastBGRequest[cargo={}]

READ	['000933090700000000000000a9f8']	LastBGResponse[bgSource=0,bgTimestamp=0,bgValue=0,cargo={0,0,0,0,0,0,0}]

WRITE	['000a2a0a005062']	TempRateRequest[cargo={}]

READ	['000a2b0a0a00000000000000000000e4de']	TempRateResponse[active=false,duration=0,percentage=0,startTime=0,cargo={0,0,0,0,0,0,0,0,0,0}]

WRITE	['000b280b00013f']	CurrentBasalStatusRequest[cargo={}]

READ	['000b290b09000000000000000001df1d']	CurrentBasalStatusResponse[basalModifiedBitmask=1,currentBasalRate=0,profileBasalRate=0,cargo={0,0,0,0,0,0,0,0,1}]

WRITE	['000c380c00f5e5']	HomeScreenMirrorRequest[cargo={}]

READ	['000c390c0900ffc8c8c804c80000a4a5']	HomeScreenMirrorResponse[apControlStateIcon=200,basalStatusIcon=4,bolusStatusIcon=200,cgmAlertIcon=255,cgmDisplayData=false,cgmTrendIcon=0,remainingInsulinPlusIcon=false,statusIcon0=200,statusIcon1=200,cargo={0,-1,-56,-56,-56,4,-56,0,0}]

WRITE	['000d2c0d006749']	CurrentBolusStatusRequest[cargo={}]

READ	['000d2d0d0f000000c8c80000000000000000000055ef']	CurrentBolusStatusResponse[bolusId=0,bolusSource=0,bolusTypeBitmask=0,requestedVolume=0,status=0,timestamp=0,cargo={0,0,0,-56,-56,0,0,0,0,0,0,0,0,0,0}]

WRITE	['000e2e0e005472']	ExtendedBolusStatusRequest[cargo={}]

READ	['000e2f0e12000000c8c80000000000000000000000000031ae']	ExtendedBolusStatusResponse[bolusId=0,bolusSource=0,bolusStatus=0,duration=0,requestedVolume=0,timestamp=0,cargo={0,0,0,-56,-56,0,0,0,0,0,0,0,0,0,0,0,0,0}]

WRITE	['000f3e0f000602']	ProfileStatusRequest[cargo={}]

READ	['000f3f0f0800ffffffffffffff9bed']	ProfileStatusResponse[activeSegmentIndex=-1,idpSlot0Id=-1,idpSlot1Id=-1,idpSlot2Id=-1,idpSlot3Id=-1,idpSlot4Id=-1,idpSlot5Id=-1,numberOfProfiles=0,cargo={0,-1,-1,-1,-1,-1,-1,-1}]

WRITE	['0010441000820e']	AlertStatusRequest[cargo={}]

READ	['00104510080000000000000000bda4']	AlertStatusResponse[cargo={0,0,0,0,0,0,0,0}]

WRITE	['00114a1100b226']	CGMAlertStatusRequest[cargo={}]

READ	['00114b110800000000000000008298']	CGMAlertStatusResponse[cargo={0,0,0,0,0,0,0,0}]

WRITE	['00124612008006']	AlarmStatusRequest[cargo={}]

READ	['0012471208000000000000000084da']	AlarmStatusResponse[cargo={0,0,0,0,0,0,0,0}]

WRITE	['0013481300b02e']	ReminderStatusRequest[cargo={}]

READ	['00134913080000000000000000bbe6']	ReminderStatusResponse[cargo={0,0,0,0,0,0,0,0}]

WRITE	['00148a1400b0ff']	BasalLimitSettingsRequest[cargo={}]

READ	['00148b1408b80b0000b80b0000c6fd']	BasalLimitSettingsResponse[basalLimit=3000,basalLimitDefault=3000,cargo={-72,11,0,0,-72,11,0,0}]

WRITE	['00158c1500217e']	GlobalMaxBolusSettingsRequest[cargo={}]

READ	['00158d150410271027b92f']	GlobalMaxBolusSettingsResponse[maxBolus=10000,maxBolusDefault=10000,cargo={16,39,16,39}]

WRITE	['00165816002692']	RemindersRequest[cargo={}]

WRITE	['001756170016ba']	PumpGlobalsRequest[cargo={}]

READ	['001757170e00f401d007000003000000000000b2e7', '00165916690f000000000000000000007800000000000000000000000000000000000000']	ERROR
WRITE	['0018521800e876']	PumpSettingsRequest[cargo={}]

READ	['00185318091446010c00001e000021eb']	PumpSettingsResponse[autoShutdownDuration=12,autoShutdownEnabled=1,cannulaPrimeSize=70,featureLock=0,lowInsulinThreshold=20,oledTimeout=30,status=0,cargo={20,70,1,12,0,0,30,0,0}]

WRITE	['00195a190078ec']	CGMGlucoseAlertSettingsRequest[cargo={}]

READ	['00195b190cc80001000007500001000007a5da']	CGMGlucoseAlertSettingsResponse[highGlucoseAlertDefaultBitmask=7,highGlucoseAlertEnabled=1,highGlucoseAlertThreshold=200,highGlucoseRepeatDuration=0,lowGlucoseAlertDefaultBitmask=7,lowGlucoseAlertEnabled=1,lowGlucoseAlertThreshold=80,lowGlucoseRepeatDuration=0,cargo={-56,0,1,0,0,7,80,0,1,0,0,7}]

WRITE	['001a5c1a008b0b']	CGMRateAlertSettingsRequest[cargo={}]

READ	['001a5d1a06030005030005db3c']	CGMRateAlertSettingsResponse[fallRateDefaultBitmask=5,fallRateEnabled=0,fallRateThreshold=3,riseRateDefaultBitmask=5,riseRateEnabled=0,riseRateThreshold=3,cargo={3,0,5,3,0,5}]

WRITE	['001b5e1b00da56']	CGMOORAlertSettingsRequest[cargo={}]

READ	['001b5f1b03140105c934']	CGMOORAlertSettingsResponse[sensorTimeoutAlertEnabled=1,sensorTimeoutAlertThreshold=20,sensorTimeoutDefaultBitmask=5,cargo={20,1,5}]

WRITE	['001c601c00e911']	CGMHardwareInfoRequest[cargo={}]

READ	['001c611c113030303030310000000000000000000002d2cc']	CGMHardwareInfoResponse[hardwareInfoString=000001,lastByte=2,cargo={48,48,48,48,48,49,0,0,0,0,0,0,0,0,0,0,2}]

WRITE	['001db21d002c29']	ControlIQInfoV2Request[cargo={}]

READ	['001db31d130000000000000000040000000000000000000095d3']	ControlIQInfoV2Response[byte6=0,byte7=0,byte8=4,closedLoopEnabled=false,controlStateType=0,currentUserModeType=0,exerciseChoice=0,exerciseDuration=0,totalDailyInsulin=0,weight=0,weightUnit=0,cargo={0,0,0,0,0,0,0,0,4,0,0,0,0,0,0,0,0,0,0}]

WRITE	['001e901e00d994']	CurrentBatteryV2Request[cargo={}]

READ	['001e911e0b6464000000000000000000fa96']	CurrentBatteryV2Response[chargingStatus=0,currentBatteryAbc=100,currentBatteryIbc=100,unknown1=0,unknown2=0,unknown3=0,unknown4=0,cargo={100,100,0,0,0,0,0,0,0,0,0}]

WRITE	['001f6c1f00db31']	ControlIQIOBRequest[cargo={}]

READ	['001f6d1f110000000000000000000000000000000000075b']	ControlIQIOBResponse[iobType=0,mudaliarIOB=0,mudaliarTotalIOB=0,swan6hrIOB=0,timeRemainingSeconds=0,cargo={0,0,0,0,0,0,0,0,0,0,0,0,0,0,0,0,0}]

WRITE	['0020502000b494']	CGMStatusRequest[cargo={}]

READ	['002051200a00000000000000000000964d']	CGMStatusResponse[lastCalibrationTimestamp=0,sensorStartedTimestamp=0,sessionState=0,transmitterBatteryStatus=0,cargo={0,0,0,0,0,0,0,0,0,0}]

WRITE	['0021222100ed11']	CurrentEGVGuiDataRequest[cargo={}]

READ	['00212321080000000000000400fcb5']	CurrentEGVGuiDataResponse[bgReadingTimestampSeconds=0,cgmReading=0,egvStatus=4,trendRate=0,cargo={0,0,0,0,0,0,4,0}]

WRITE	['0022a4220044cd']	Unknown opcode -92
READ	['0022a522180000000000000000000000000000000000000000000000001436']	Unknown opcode -91
WRITE	['00233a23004d9d']	HistoryLogStatusRequest[cargo={}]

READ	['00233b230cdd11000000000000dc110000080c']	HistoryLogStatusResponse[firstSequenceNum=0,lastSequenceNum=4572,numEntries=4573,cargo={-35,17,0,0,0,0,0,0,-36,17,0,0}]

WRITE	['0024b224002196']	ControlIQInfoV2Request[cargo={}]

READ	['0024b3241300000000000000000400000000000000000000634a']	ControlIQInfoV2Response[byte6=0,byte7=0,byte8=4,closedLoopEnabled=false,controlStateType=0,currentUserModeType=0,exerciseChoice=0,exerciseDuration=0,totalDailyInsulin=0,weight=0,weightUnit=0,cargo={0,0,0,0,0,0,0,0,4,0,0,0,0,0,0,0,0,0,0}]

WRITE	['00256a25002569']	ControlIQSleepScheduleRequest[cargo={}]

READ	['00256b251800006405a40100006405a40100006405a40100006405a401ba86']	ControlIQSleepScheduleResponse[schedule0=ControlIQSleepScheduleResponse.SleepSchedule[activeDays=0,enabled=0,endTime=420,startTime=1380],schedule1=ControlIQSleepScheduleResponse.SleepSchedule[activeDays=0,enabled=0,endTime=420,startTime=1380],schedule2=ControlIQSleepScheduleResponse.SleepSchedule[activeDays=0,enabled=0,endTime=420,startTime=1380],schedule3=ControlIQSleepScheduleResponse.SleepSchedule[activeDays=0,enabled=0,endTime=420,startTime=1380],cargo={0,0,100,5,-92,1,0,0,100,5,-92,1,0,0,100,5,-92,1,0,0,100,5,-92,1}]

WRITE	['00263c2605dc11000005f86b']	HistoryLogRequest[numberOfLogs=5,startLog=4572,cargo={-36,17,0,0,5}]

READ	['00263d260200204d66']	HistoryLogResponse[status=0,streamId=32,cargo={0,32}]

WRITE	['00276a2700470f']	ControlIQSleepScheduleRequest[cargo={}]

READ	['00276b271800006405a40100006405a40100006405a40100006405a40159ce', '0000810050032092009abf8d1adc110000020100009e0000002800000000000000c1009a', '00008100360220b70074bf8d1ad9110000cdcce840000000000000000000000000b7005f']	ERROR
READ	['20000400']	Unknown opcode 4
WRITE	['00000000']	Unknown opcode 0
WRITE	['0028282800b46c']	CurrentBasalStatusRequest[cargo={}]

READ	['00282928090000000000000000015fcf']	CurrentBasalStatusResponse[basalModifiedBitmask=1,currentBasalRate=0,profileBasalRate=0,cargo={0,0,0,0,0,0,0,0,1}]

WRITE	['00292229004498']	CurrentEGVGuiDataRequest[cargo={}]

READ	['00292329080000000000000400b7ff']	CurrentEGVGuiDataResponse[bgReadingTimestampSeconds=0,cgmReading=0,egvStatus=4,trendRate=0,cargo={0,0,0,0,0,0,4,0}]

WRITE	['002a382a00b549']	HomeScreenMirrorRequest[cargo={}]

READ	['002a392a0900ffc8c8c804c801001bcd']	HomeScreenMirrorResponse[apControlStateIcon=200,basalStatusIcon=4,bolusStatusIcon=200,cgmAlertIcon=255,cgmDisplayData=false,cgmTrendIcon=0,remainingInsulinPlusIcon=true,statusIcon0=200,statusIcon1=200,cargo={0,-1,-56,-56,-56,4,-56,1,0}]

WRITE	['002b3a2b00e414']	HistoryLogStatusRequest[cargo={}]

READ	['002b3b2b0cdf11000000000000de110000e10c']	HistoryLogStatusResponse[firstSequenceNum=0,lastSequenceNum=4574,numEntries=4575,cargo={-33,17,0,0,0,0,0,0,-34,17,0,0}]

WRITE	['002cb22c00881f']	ControlIQInfoV2Request[cargo={}]

READ	['002cb32c13000000000000000004000000000000000000001585']	ControlIQInfoV2Response[byte6=0,byte7=0,byte8=4,closedLoopEnabled=false,controlStateType=0,currentUserModeType=0,exerciseChoice=0,exerciseDuration=0,totalDailyInsulin=0,weight=0,weightUnit=0,cargo={0,0,0,0,0,0,0,0,4,0,0,0,0,0,0,0,0,0,0}]

WRITE	['002d242d0020e6']	InsulinStatusRequest[cargo={}]

READ	['002d252d04b4000114764e']	InsulinStatusResponse[currentInsulinAmount=180,insulinLowAmount=20,isEstimate=1,cargo={-76,0,1,20}]

WRITE	['002e3a2e0011eb']	HistoryLogStatusRequest[cargo={}]

READ	['002e3b2e0cdf11000000000000de110000258a']	HistoryLogStatusResponse[firstSequenceNum=0,lastSequenceNum=4574,numEntries=4575,cargo={-33,17,0,0,0,0,0,0,-34,17,0,0}]

WRITE	['002fb22f00db4a']	ControlIQInfoV2Request[cargo={}]

READ	['002fb32f13000000000000000004000000000000000000002eeb']	ControlIQInfoV2Response[byte6=0,byte7=0,byte8=4,closedLoopEnabled=false,controlStateType=0,currentUserModeType=0,exerciseChoice=0,exerciseDuration=0,totalDailyInsulin=0,weight=0,weightUnit=0,cargo={0,0,0,0,0,0,0,0,4,0,0,0,0,0,0,0,0,0,0}]

WRITE	['00303c3005de11000002c2c9']	HistoryLogRequest[numberOfLogs=2,startLog=4574,cargo={-34,17,0,0,2}]

READ	['00303d30020021524a']	HistoryLogResponse[status=0,streamId=33,cargo={0,33}]

WRITE	['00316a310092a6']	ControlIQSleepScheduleRequest[cargo={}]

READ	['00316b311800006405a40100006405a40100006405a40100006405a4012670', '000081003602213f00b2bf8d1ade110000826b344103000000ffffffff000000002100b2']	ERROR
WRITE	['00326a3200c1f3']	ControlIQSleepScheduleRequest[cargo={}]

READ	['00326b321800006405a40100006405a40100006405a40100006405a401a494']	ControlIQSleepScheduleResponse[schedule0=ControlIQSleepScheduleResponse.SleepSchedule[activeDays=0,enabled=0,endTime=420,startTime=1380],schedule1=ControlIQSleepScheduleResponse.SleepSchedule[activeDays=0,enabled=0,endTime=420,startTime=1380],schedule2=ControlIQSleepScheduleResponse.SleepSchedule[activeDays=0,enabled=0,endTime=420,startTime=1380],schedule3=ControlIQSleepScheduleResponse.SleepSchedule[activeDays=0,enabled=0,endTime=420,startTime=1380],cargo={0,0,100,5,-92,1,0,0,100,5,-92,1,0,0,100,5,-92,1,0,0,100,5,-92,1}]

READ	['40000000']	Unknown opcode 0
WRITE	['00000000']	Unknown opcode 0
WRITE	['00332433005cc6']	InsulinStatusRequest[cargo={}]

READ	['0033253304b400011451d4']	InsulinStatusResponse[currentInsulinAmount=180,insulinLowAmount=20,isEstimate=1,cargo={-76,0,1,20}]

WRITE	['00346c3400c7eb']	ControlIQIOBRequest[cargo={}]

READ	['00346d3411000000000000000000000000000000000083d9']	ControlIQIOBResponse[iobType=0,mudaliarIOB=0,mudaliarTotalIOB=0,swan6hrIOB=0,timeRemainingSeconds=0,cargo={0,0,0,0,0,0,0,0,0,0,0,0,0,0,0,0,0}]

WRITE	['00353a35009834']	HistoryLogStatusRequest[cargo={}]

READ	['00353b350cdf11000000000000de1100001a2a']	HistoryLogStatusResponse[firstSequenceNum=0,lastSequenceNum=4574,numEntries=4575,cargo={-33,17,0,0,0,0,0,0,-34,17,0,0}]

WRITE	['00363a3600cb61']	HistoryLogStatusRequest[cargo={}]

READ	['00363b360cdf11000000000000de110000b9a7']	HistoryLogStatusResponse[firstSequenceNum=0,lastSequenceNum=4574,numEntries=4575,cargo={-33,17,0,0,0,0,0,0,-34,17,0,0}]

READ	['40000000']	Unknown opcode 0
WRITE	['0037243700980a']	InsulinStatusRequest[cargo={}]

READ	['0037253704b4000114f0d2']	InsulinStatusResponse[currentInsulinAmount=180,insulinLowAmount=20,isEstimate=1,cargo={-76,0,1,20}]

WRITE	['00383a3800c442']	HistoryLogStatusRequest[cargo={}]

READ	['00383b380ce011000000000000df110000127b']	HistoryLogStatusResponse[firstSequenceNum=0,lastSequenceNum=4575,numEntries=4576,cargo={-32,17,0,0,0,0,0,0,-33,17,0,0}]

WRITE	['00396c39009b9d']	ControlIQIOBRequest[cargo={}]

READ	['00396d39110000000000000000000000000000000000bddf']	ControlIQIOBResponse[iobType=0,mudaliarIOB=0,mudaliarTotalIOB=0,swan6hrIOB=0,timeRemainingSeconds=0,cargo={0,0,0,0,0,0,0,0,0,0,0,0,0,0,0,0,0}]

WRITE	['00000000']	Unknown opcode 0
WRITE	['003a3a3a00a624']	HistoryLogStatusRequest[cargo={}]

READ	['003a3b3a0ce011000000000000df110000d08d']	HistoryLogStatusResponse[firstSequenceNum=0,lastSequenceNum=4575,numEntries=4576,cargo={-32,17,0,0,0,0,0,0,-33,17,0,0}]

WRITE	['003b3c3b05df11000001df18']	HistoryLogRequest[numberOfLogs=1,startLog=4575,cargo={-33,17,0,0,1}]

READ	['003b3d3b0200222e64']	HistoryLogResponse[status=0,streamId=34,cargo={0,34}]

READ	['000081001c01223d00babf8d1adf1100009a99993e030000000000000000000000b689']	HistoryLogStreamResponse[historyLogs=[null],numberOfHistoryLogs=1,streamId=34,cargo={1,34,61,0,-70,-65,-115,26,-33,17,0,0,-102,-103,-103,62,3,0,0,0,0,0,0,0,0,0,0,0}]

WRITE	['003c363c0061fb']	TimeSinceResetRequest[cargo={}]

READ	['003c373c08d7bf8d1afe0c00006e78']	TimeSinceResetResponse[pumpTime=3326,timeSinceReset=445497303,cargo={-41,-65,-115,26,-2,12,0,0}]

READ	['00200000']	Unknown opcode 0
WRITE	['00000000']	Unknown opcode 0
WRITE	['003d3e3d00f161']	ProfileStatusRequest[cargo={}]

READ	['003d3f3d080100ffffffffffff287c']	ProfileStatusResponse[activeSegmentIndex=-1,idpSlot0Id=0,idpSlot1Id=-1,idpSlot2Id=-1,idpSlot3Id=-1,idpSlot4Id=-1,idpSlot5Id=-1,numberOfProfiles=1,cargo={1,0,-1,-1,-1,-1,-1,-1}]

WRITE	['003e3a3e0062e8']	HistoryLogStatusRequest[cargo={}]

READ	['003e3b3e0ceb11000000000000ea110000eefe']	HistoryLogStatusResponse[firstSequenceNum=0,lastSequenceNum=4586,numEntries=4587,cargo={-21,17,0,0,0,0,0,0,-22,17,0,0}]

WRITE	['003f3a3f0053db']	HistoryLogStatusRequest[cargo={}]

READ	['003f3b3f0ceb11000000000000ea1100008f85']	HistoryLogStatusResponse[firstSequenceNum=0,lastSequenceNum=4586,numEntries=4587,cargo={-21,17,0,0,0,0,0,0,-22,17,0,0}]

WRITE	['004040400100c0c4']	Unknown opcode 64
READ	['00404140170041000000000000000000000000000000002c01102701b63a']	Unknown opcode 65
WRITE	['00413c4105ea1100000b03e1']	HistoryLogRequest[numberOfLogs=11,startLog=4586,cargo={-22,17,0,0,11}]

READ	['00413d41020023d15e']	HistoryLogResponse[status=0,streamId=35,cargo={0,35}]

WRITE	['00425842005d50']	RemindersRequest[cargo={}]

READ	['00220000', '000081005003234700d7bf8d1aea1100000100000000ffffffffff0000000000003900d7', '000081005003234700d7bf8d1ae71100000100000000ffffffffff0000000000003900d7', '00008100500323db00c4bf8d1ae4110000000000000000000000000000060000001701c2', '000081003602236000bfbf8d1ae1110000000201002c01000000000000000000006100bf', '00425942690f0000000000000000000078000000000000000000002c0100000000000000']	Unknown opcode 0
WRITE	['00433a43006796']	HistoryLogStatusRequest[cargo={}]

READ	['00433b430cf011000000000000ef110000e476']	HistoryLogStatusResponse[firstSequenceNum=0,lastSequenceNum=4591,numEntries=4592,cargo={-16,17,0,0,0,0,0,0,-17,17,0,0}]

WRITE	['00000000']	Unknown opcode 0
WRITE	['00446c44009ee3']	ControlIQIOBRequest[cargo={}]

READ	['00446d441100000000000000000000000000000000001048']	ControlIQIOBResponse[iobType=0,mudaliarIOB=0,mudaliarTotalIOB=0,swan6hrIOB=0,timeRemainingSeconds=0,cargo={0,0,0,0,0,0,0,0,0,0,0,0,0,0,0,0,0}]

WRITE	['0045384500a152']	HomeScreenMirrorRequest[cargo={}]

READ	['004539450900ffc8c8c804c8010087a8']	HomeScreenMirrorResponse[apControlStateIcon=200,basalStatusIcon=4,bolusStatusIcon=200,cgmAlertIcon=255,cgmDisplayData=false,cgmTrendIcon=0,remainingInsulinPlusIcon=true,statusIcon0=200,statusIcon1=200,cargo={0,-1,-56,-56,-56,4,-56,1,0}]

WRITE	['00462846009144']	CurrentBasalStatusRequest[cargo={}]

READ	['0046294609e8030000000000000197d4']	CurrentBasalStatusResponse[basalModifiedBitmask=1,currentBasalRate=0,profileBasalRate=1000,cargo={-24,3,0,0,0,0,0,0,1}]

WRITE	['00472a4700c019']	TempRateRequest[cargo={}]

READ	['00472b470a00000000000000000000ad16']	TempRateResponse[active=false,duration=0,percentage=0,startTime=0,cargo={0,0,0,0,0,0,0,0,0,0}]

WRITE	['00483e48005d96']	ProfileStatusRequest[cargo={}]

READ	['00483f48080100ffffffffff00297f']	ProfileStatusResponse[activeSegmentIndex=0,idpSlot0Id=0,idpSlot1Id=-1,idpSlot2Id=-1,idpSlot3Id=-1,idpSlot4Id=-1,idpSlot5Id=-1,numberOfProfiles=1,cargo={1,0,-1,-1,-1,-1,-1,0}]

WRITE	['00493a4900ac79']	HistoryLogStatusRequest[cargo={}]

READ	['00493b490cf011000000000000ef1100004d6b']	HistoryLogStatusResponse[firstSequenceNum=0,lastSequenceNum=4591,numEntries=4592,cargo={-16,17,0,0,0,0,0,0,-17,17,0,0}]

WRITE	['004a3c4a05ef11000005b568']	HistoryLogRequest[numberOfLogs=5,startLog=4591,cargo={-17,17,0,0,5}]

READ	['004a3d4a0200242930']	HistoryLogResponse[status=0,streamId=36,cargo={0,36}]

WRITE	['004bb24b00358d']	ControlIQInfoV2Request[cargo={}]

READ	['004bb34b1300000000000000000400000000000000000000589a', '000081005003244400ebbf8d1aef110000000f00060000e8031e006e00701700004400eb', '000081003602244400ebbf8d1aec110000000100030000e80300000000000000004400eb']	ERROR
WRITE	['004c404c0100a1b1']	Unknown opcode 64
READ	['004c414c170041000000000000000000000000000000012c011027010574']	Unknown opcode 65
WRITE	['004d6a4d00a6eb']	ControlIQSleepScheduleRequest[cargo={}]

READ	['004d6b4d1800006405a40100006405a40100006405a40100006405a401eaf6']	ControlIQSleepScheduleResponse[schedule0=ControlIQSleepScheduleResponse.SleepSchedule[activeDays=0,enabled=0,endTime=420,startTime=1380],schedule1=ControlIQSleepScheduleResponse.SleepSchedule[activeDays=0,enabled=0,endTime=420,startTime=1380],schedule2=ControlIQSleepScheduleResponse.SleepSchedule[activeDays=0,enabled=0,endTime=420,startTime=1380],schedule3=ControlIQSleepScheduleResponse.SleepSchedule[activeDays=0,enabled=0,endTime=420,startTime=1380],cargo={0,0,100,5,-92,1,0,0,100,5,-92,1,0,0,100,5,-92,1,0,0,100,5,-92,1}]

WRITE	['004e424e02000041e6']	IDPSegmentRequest[idpId=0,segmentIndex=0,cargo={0,0}]

READ	['004e434e0f00000000e803701700006e001e000fce00']	IDPSegmentResponse[idpId=0,profileBasalRate=1000,profileCarbRatio=6000,profileISF=30,profileStartTime=0,profileTargetBG=110,segmentIndex=0,status=15,cargo={0,0,0,0,-24,3,112,23,0,0,110,0,30,0,15}]

READ	['20084000']	Unknown opcode 64
WRITE	['004f284f0009fe']	CurrentBasalStatusRequest[cargo={}]

READ	['004f294f09e8030000000000000150ae']	CurrentBasalStatusResponse[basalModifiedBitmask=1,currentBasalRate=0,profileBasalRate=1000,cargo={-24,3,0,0,0,0,0,0,1}]

WRITE	['0050225000852a']	CurrentEGVGuiDataRequest[cargo={}]

READ	['005023500800000000000004003805']	CurrentEGVGuiDataResponse[bgReadingTimestampSeconds=0,cgmReading=0,egvStatus=4,trendRate=0,cargo={0,0,0,0,0,0,4,0}]

WRITE	['0051385100169d']	HomeScreenMirrorRequest[cargo={}]

READ	['005139510900ffc8c8c804000100ab23']	HomeScreenMirrorResponse[apControlStateIcon=0,basalStatusIcon=4,bolusStatusIcon=200,cgmAlertIcon=255,cgmDisplayData=false,cgmTrendIcon=0,remainingInsulinPlusIcon=true,statusIcon0=200,statusIcon1=200,cargo={0,-1,-56,-56,-56,4,0,1,0}]

WRITE	['00523a520025a6']	HistoryLogStatusRequest[cargo={}]

READ	['00523b520cf311000000000000f2110000ccec']	HistoryLogStatusResponse[firstSequenceNum=0,lastSequenceNum=4594,numEntries=4595,cargo={-13,17,0,0,0,0,0,0,-14,17,0,0}]

WRITE	['0053b25300ef07']	ControlIQInfoV2Request[cargo={}]

READ	['0053b3531301dc0001640000000400000000000000000000c06e']	ControlIQInfoV2Response[byte6=0,byte7=0,byte8=4,closedLoopEnabled=true,controlStateType=0,currentUserModeType=0,exerciseChoice=0,exerciseDuration=0,totalDailyInsulin=100,weight=220,weightUnit=1,cargo={1,-36,0,1,100,0,0,0,4,0,0,0,0,0,0,0,0,0,0}]

WRITE	['00546c5400ede0']	ControlIQIOBRequest[cargo={}]

READ	['00546d541100000000000000000000000000000000016c68']	ControlIQIOBResponse[iobType=1,mudaliarIOB=0,mudaliarTotalIOB=0,swan6hrIOB=0,timeRemainingSeconds=0,cargo={0,0,0,0,0,0,0,0,0,0,0,0,0,0,0,0,1}]

WRITE	['00556c5500dcd3']	ControlIQIOBRequest[cargo={}]

READ	['00556d5511000000000000000000000000000000000173b6']	ControlIQIOBResponse[iobType=1,mudaliarIOB=0,mudaliarTotalIOB=0,swan6hrIOB=0,timeRemainingSeconds=0,cargo={0,0,0,0,0,0,0,0,0,0,0,0,0,0,0,0,1}]

WRITE	['0056b256001af8']	ControlIQInfoV2Request[cargo={}]

READ	['0056b3561301dc00016400000004000000000000000000008ddc']	ControlIQInfoV2Response[byte6=0,byte7=0,byte8=4,closedLoopEnabled=true,controlStateType=0,currentUserModeType=0,exerciseChoice=0,exerciseDuration=0,totalDailyInsulin=100,weight=220,weightUnit=1,cargo={1,-36,0,1,100,0,0,0,4,0,0,0,0,0,0,0,0,0,0}]

WRITE	['00576a57001e07']	ControlIQSleepScheduleRequest[cargo={}]

READ	['00576b571800006405a40100006405a40100006405a40100006405a401feea']	ControlIQSleepScheduleResponse[schedule0=ControlIQSleepScheduleResponse.SleepSchedule[activeDays=0,enabled=0,endTime=420,startTime=1380],schedule1=ControlIQSleepScheduleResponse.SleepSchedule[activeDays=0,enabled=0,endTime=420,startTime=1380],schedule2=ControlIQSleepScheduleResponse.SleepSchedule[activeDays=0,enabled=0,endTime=420,startTime=1380],schedule3=ControlIQSleepScheduleResponse.SleepSchedule[activeDays=0,enabled=0,endTime=420,startTime=1380],cargo={0,0,100,5,-92,1,0,0,100,5,-92,1,0,0,100,5,-92,1,0,0,100,5,-92,1}]

WRITE	['00000000']	Unknown opcode 0
WRITE	['00583a5800ee49']	HistoryLogStatusRequest[cargo={}]

READ	['00583b580cf311000000000000f211000065f1']	HistoryLogStatusResponse[firstSequenceNum=0,lastSequenceNum=4594,numEntries=4595,cargo={-13,17,0,0,0,0,0,0,-14,17,0,0}]

WRITE	['0059b2590024e8']	ControlIQInfoV2Request[cargo={}]

READ	['0059b3591301dc00016400000004000000000000000000007b1a']	ControlIQInfoV2Response[byte6=0,byte7=0,byte8=4,closedLoopEnabled=true,controlStateType=0,currentUserModeType=0,exerciseChoice=0,exerciseDuration=0,totalDailyInsulin=100,weight=220,weightUnit=1,cargo={1,-36,0,1,100,0,0,0,4,0,0,0,0,0,0,0,0,0,0}]

WRITE	['005a3c5a05f211000003281a']	HistoryLogRequest[numberOfLogs=3,startLog=4594,cargo={-14,17,0,0,3}]

READ	['005a3d5a020025af3b']	HistoryLogResponse[status=0,streamId=37,cargo={0,37}]

WRITE	['005b6a5b007342']	ControlIQSleepScheduleRequest[cargo={}]

READ	['005b6b5b1800006405a40100006405a40100006405a40100006405a4019548', '00008100500325f500ffbf8d1af211000064000000000000000000000000000000f600ff']	ERROR
WRITE	['005c6a5c00e4db']	ControlIQSleepScheduleRequest[cargo={}]

READ	['005c6b5c1800006405a40100006405a40100006405a40100006405a401d13d']	ControlIQSleepScheduleResponse[schedule0=ControlIQSleepScheduleResponse.SleepSchedule[activeDays=0,enabled=0,endTime=420,startTime=1380],schedule1=ControlIQSleepScheduleResponse.SleepSchedule[activeDays=0,enabled=0,endTime=420,startTime=1380],schedule2=ControlIQSleepScheduleResponse.SleepSchedule[activeDays=0,enabled=0,endTime=420,startTime=1380],schedule3=ControlIQSleepScheduleResponse.SleepSchedule[activeDays=0,enabled=0,endTime=420,startTime=1380],cargo={0,0,100,5,-92,1,0,0,100,5,-92,1,0,0,100,5,-92,1,0,0,100,5,-92,1}]

WRITE	['005d6a5d00d5e8']	ControlIQSleepScheduleRequest[cargo={}]

READ	['005d6b5d1800006405a40100006405a40100006405a40100006405a401b091']	ControlIQSleepScheduleResponse[schedule0=ControlIQSleepScheduleResponse.SleepSchedule[activeDays=0,enabled=0,endTime=420,startTime=1380],schedule1=ControlIQSleepScheduleResponse.SleepSchedule[activeDays=0,enabled=0,endTime=420,startTime=1380],schedule2=ControlIQSleepScheduleResponse.SleepSchedule[activeDays=0,enabled=0,endTime=420,startTime=1380],schedule3=ControlIQSleepScheduleResponse.SleepSchedule[activeDays=0,enabled=0,endTime=420,startTime=1380],cargo={0,0,100,5,-92,1,0,0,100,5,-92,1,0,0,100,5,-92,1,0,0,100,5,-92,1}]

WRITE	['005e365e002996']	TimeSinceResetRequest[cargo={}]

WRITE	['000010000a0000c9fc45b02fec0b618c82']	CentralChallengeRequest[appInstanceId=0,centralChallenge={-55,-4,69,-80,47,-20,11,97},cargo={0,0,-55,-4,69,-80,47,-20,11,97}]

WRITE	['01011201160100a2bd1e4c126b632289839ca5cd']	Message not fully formed
WRITE	['0001b73868ec80a1c43661']	Unknown opcode -73
READ	['0001130103010001e8cc', '000011001e01008fb4a0495a9b92bcc50e3207b4ddd35ac9ed7f5c2eb2e6f29b725da182']	ERROR
WRITE	['0002200200382c']	ApiVersionRequest[cargo={}]

READ	['0002210204020005008237']	ApiVersionResponse[majorVersion=2,minorVersion=5,cargo={2,0,5,0}]

WRITE	['0003540300c11b']	PumpVersionRequest[cargo={}]

WRITE	['00043604005d77']	TimeSinceResetRequest[cargo={}]

READ	['000437040819c08d1a3f0d000056f6', '00035503309fc00b3f9fc00b3f00000000000000007e4f6705df6a0f0030000000000000']	ERROR
WRITE	['0005a005010077b6']	ERROR
READ	['0005a1050600009add2476065f']	PumpFeaturesV2Response[pumpFeaturesBitmask=1982127514,status=0,supportedFeatureIndex=0,cargo={0,0,-102,-35,36,118}]

WRITE	['0006a0060104a3af']	ERROR
READ	['0006a1060600041a000000fb30']	PumpFeaturesV2Response[pumpFeaturesBitmask=26,status=0,supportedFeatureIndex=4,cargo={0,4,26,0,0,0}]

WRITE	['00073607000e22']	TimeSinceResetRequest[cargo={}]

READ	['000737070819c08d1a400d000002d1']	TimeSinceResetResponse[pumpTime=3392,timeSinceReset=445497369,cargo={25,-64,-115,26,64,13,0,0}]

WRITE	['0008240800331f']	InsulinStatusRequest[cargo={}]

READ	['0008250804b40001147f38']	InsulinStatusResponse[currentInsulinAmount=180,insulinLowAmount=20,isEstimate=1,cargo={-76,0,1,20}]

WRITE	['0009320900c1dd']	LastBGRequest[cargo={}]

READ	['000933090700000000000000a9f8']	LastBGResponse[bgSource=0,bgTimestamp=0,bgValue=0,cargo={0,0,0,0,0,0,0}]

WRITE	['000a2a0a005062']	TempRateRequest[cargo={}]

READ	['000a2b0a0a00000000000000000000e4de']	TempRateResponse[active=false,duration=0,percentage=0,startTime=0,cargo={0,0,0,0,0,0,0,0,0,0}]

WRITE	['000b280b00013f']	CurrentBasalStatusRequest[cargo={}]

READ	['000b290b09e80300000000000001c2bb']	CurrentBasalStatusResponse[basalModifiedBitmask=1,currentBasalRate=0,profileBasalRate=1000,cargo={-24,3,0,0,0,0,0,0,1}]

WRITE	['000c380c00f5e5']	HomeScreenMirrorRequest[cargo={}]

READ	['000c390c0900ffc8c8c804000100c319']	HomeScreenMirrorResponse[apControlStateIcon=0,basalStatusIcon=4,bolusStatusIcon=200,cgmAlertIcon=255,cgmDisplayData=false,cgmTrendIcon=0,remainingInsulinPlusIcon=true,statusIcon0=200,statusIcon1=200,cargo={0,-1,-56,-56,-56,4,0,1,0}]

WRITE	['000d2c0d006749']	CurrentBolusStatusRequest[cargo={}]

READ	['000d2d0d0f000000c8c80000000000000000000055ef']	CurrentBolusStatusResponse[bolusId=0,bolusSource=0,bolusTypeBitmask=0,requestedVolume=0,status=0,timestamp=0,cargo={0,0,0,-56,-56,0,0,0,0,0,0,0,0,0,0}]

WRITE	['000e2e0e005472']	ExtendedBolusStatusRequest[cargo={}]

READ	['000e2f0e12000000c8c80000000000000000000000000031ae']	ExtendedBolusStatusResponse[bolusId=0,bolusSource=0,bolusStatus=0,duration=0,requestedVolume=0,timestamp=0,cargo={0,0,0,-56,-56,0,0,0,0,0,0,0,0,0,0,0,0,0}]

WRITE	['000f3e0f000602']	ProfileStatusRequest[cargo={}]

READ	['000f3f0f080100ffffffffff00c911']	ProfileStatusResponse[activeSegmentIndex=0,idpSlot0Id=0,idpSlot1Id=-1,idpSlot2Id=-1,idpSlot3Id=-1,idpSlot4Id=-1,idpSlot5Id=-1,numberOfProfiles=1,cargo={1,0,-1,-1,-1,-1,-1,0}]

WRITE	['0010441000820e']	AlertStatusRequest[cargo={}]

READ	['00104510080000000000000000bda4']	AlertStatusResponse[cargo={0,0,0,0,0,0,0,0}]

WRITE	['00114a1100b226']	CGMAlertStatusRequest[cargo={}]

READ	['00114b110800000000000000008298']	CGMAlertStatusResponse[cargo={0,0,0,0,0,0,0,0}]

WRITE	['00124612008006']	AlarmStatusRequest[cargo={}]

READ	['0012471208000000000000000084da']	AlarmStatusResponse[cargo={0,0,0,0,0,0,0,0}]

WRITE	['0013481300b02e']	ReminderStatusRequest[cargo={}]

READ	['00134913080000000000000000bbe6']	ReminderStatusResponse[cargo={0,0,0,0,0,0,0,0}]

WRITE	['00148a1400b0ff']	BasalLimitSettingsRequest[cargo={}]

READ	['00148b1408b80b0000b80b0000c6fd']	BasalLimitSettingsResponse[basalLimit=3000,basalLimitDefault=3000,cargo={-72,11,0,0,-72,11,0,0}]

WRITE	['00158c1500217e']	GlobalMaxBolusSettingsRequest[cargo={}]

READ	['00158d150410271027b92f']	GlobalMaxBolusSettingsResponse[maxBolus=10000,maxBolusDefault=10000,cargo={16,39,16,39}]

WRITE	['00165816002692']	RemindersRequest[cargo={}]

WRITE	['001756170016ba']	PumpGlobalsRequest[cargo={}]

READ	['001757170e00f401d007000003000000000000b2e7', '00165916690f0000000000000000000078000000000000000000002c0100000000000000']	ERROR
WRITE	['0018521800e876']	PumpSettingsRequest[cargo={}]

READ	['00185318091446010c00001e000021eb']	PumpSettingsResponse[autoShutdownDuration=12,autoShutdownEnabled=1,cannulaPrimeSize=70,featureLock=0,lowInsulinThreshold=20,oledTimeout=30,status=0,cargo={20,70,1,12,0,0,30,0,0}]

WRITE	['00195a190078ec']	CGMGlucoseAlertSettingsRequest[cargo={}]

READ	['00195b190cc80001000007500001000007a5da']	CGMGlucoseAlertSettingsResponse[highGlucoseAlertDefaultBitmask=7,highGlucoseAlertEnabled=1,highGlucoseAlertThreshold=200,highGlucoseRepeatDuration=0,lowGlucoseAlertDefaultBitmask=7,lowGlucoseAlertEnabled=1,lowGlucoseAlertThreshold=80,lowGlucoseRepeatDuration=0,cargo={-56,0,1,0,0,7,80,0,1,0,0,7}]

WRITE	['001a5c1a008b0b']	CGMRateAlertSettingsRequest[cargo={}]

READ	['001a5d1a06030005030005db3c']	CGMRateAlertSettingsResponse[fallRateDefaultBitmask=5,fallRateEnabled=0,fallRateThreshold=3,riseRateDefaultBitmask=5,riseRateEnabled=0,riseRateThreshold=3,cargo={3,0,5,3,0,5}]

WRITE	['001b5e1b00da56']	CGMOORAlertSettingsRequest[cargo={}]

READ	['001b5f1b03140105c934']	CGMOORAlertSettingsResponse[sensorTimeoutAlertEnabled=1,sensorTimeoutAlertThreshold=20,sensorTimeoutDefaultBitmask=5,cargo={20,1,5}]

WRITE	['001c601c00e911']	CGMHardwareInfoRequest[cargo={}]

READ	['001c611c113030303030310000000000000000000002d2cc']	CGMHardwareInfoResponse[hardwareInfoString=000001,lastByte=2,cargo={48,48,48,48,48,49,0,0,0,0,0,0,0,0,0,0,2}]

WRITE	['001db21d002c29']	ControlIQInfoV2Request[cargo={}]

READ	['001db31d1301dc0001640000000400000000000000000000b666']	ControlIQInfoV2Response[byte6=0,byte7=0,byte8=4,closedLoopEnabled=true,controlStateType=0,currentUserModeType=0,exerciseChoice=0,exerciseDuration=0,totalDailyInsulin=100,weight=220,weightUnit=1,cargo={1,-36,0,1,100,0,0,0,4,0,0,0,0,0,0,0,0,0,0}]

WRITE	['001e901e00d994']	CurrentBatteryV2Request[cargo={}]

READ	['001e911e0b6464000000000000000000fa96']	CurrentBatteryV2Response[chargingStatus=0,currentBatteryAbc=100,currentBatteryIbc=100,unknown1=0,unknown2=0,unknown3=0,unknown4=0,cargo={100,100,0,0,0,0,0,0,0,0,0}]

WRITE	['001f6c1f00db31']	ControlIQIOBRequest[cargo={}]

READ	['001f6d1f110000000000000000000000000000000001264b']	ControlIQIOBResponse[iobType=1,mudaliarIOB=0,mudaliarTotalIOB=0,swan6hrIOB=0,timeRemainingSeconds=0,cargo={0,0,0,0,0,0,0,0,0,0,0,0,0,0,0,0,1}]

WRITE	['0020502000b494']	CGMStatusRequest[cargo={}]

READ	['002051200a00000000000000000000964d']	CGMStatusResponse[lastCalibrationTimestamp=0,sensorStartedTimestamp=0,sessionState=0,transmitterBatteryStatus=0,cargo={0,0,0,0,0,0,0,0,0,0}]

WRITE	['0021222100ed11']	CurrentEGVGuiDataRequest[cargo={}]

READ	['00212321080000000000000400fcb5']	CurrentEGVGuiDataResponse[bgReadingTimestampSeconds=0,cgmReading=0,egvStatus=4,trendRate=0,cargo={0,0,0,0,0,0,4,0}]

WRITE	['0022a4220044cd']	Unknown opcode -92
READ	['0022a522180000000000000000000000000000000000000000000000001436']	Unknown opcode -91
WRITE	['00233a23004d9d']	HistoryLogStatusRequest[cargo={}]

READ	['00233b230cf611000000000000f5110000a6b8']	HistoryLogStatusResponse[firstSequenceNum=0,lastSequenceNum=4597,numEntries=4598,cargo={-10,17,0,0,0,0,0,0,-11,17,0,0}]

WRITE	['0024b224002196']	ControlIQInfoV2Request[cargo={}]

READ	['0024b3241301dc000164000000040000000000000000000040ff']	ControlIQInfoV2Response[byte6=0,byte7=0,byte8=4,closedLoopEnabled=true,controlStateType=0,currentUserModeType=0,exerciseChoice=0,exerciseDuration=0,totalDailyInsulin=100,weight=220,weightUnit=1,cargo={1,-36,0,1,100,0,0,0,4,0,0,0,0,0,0,0,0,0,0}]

WRITE	['0025402501005bb4']	Unknown opcode 64
READ	['00254125170041000000000000000000000000000000012c01102701cb64']	Unknown opcode 65
WRITE	['00266a2600763c']	ControlIQSleepScheduleRequest[cargo={}]

READ	['00266b261800006405a40100006405a40100006405a40100006405a4013862']	ControlIQSleepScheduleResponse[schedule0=ControlIQSleepScheduleResponse.SleepSchedule[activeDays=0,enabled=0,endTime=420,startTime=1380],schedule1=ControlIQSleepScheduleResponse.SleepSchedule[activeDays=0,enabled=0,endTime=420,startTime=1380],schedule2=ControlIQSleepScheduleResponse.SleepSchedule[activeDays=0,enabled=0,endTime=420,startTime=1380],schedule3=ControlIQSleepScheduleResponse.SleepSchedule[activeDays=0,enabled=0,endTime=420,startTime=1380],cargo={0,0,100,5,-92,1,0,0,100,5,-92,1,0,0,100,5,-92,1,0,0,100,5,-92,1}]

WRITE	['00273c2705f5110000039713']	HistoryLogRequest[numberOfLogs=3,startLog=4597,cargo={-11,17,0,0,3}]

READ	['00273d270200263f70']	HistoryLogResponse[status=0,streamId=38,cargo={0,38}]

WRITE	['00286a2800791f']	ControlIQSleepScheduleRequest[cargo={}]

READ	['00286b281800006405a40100006405a40100006405a40100006405a401b088', '00008100500326080114c08d1af511000096010000000000000000000000000000080114']	ERROR
WRITE	['00294229020000beee']	IDPSegmentRequest[idpId=0,segmentIndex=0,cargo={0,0}]

READ	['002943290f00000000e803701700006e001e000f6636']	IDPSegmentResponse[idpId=0,profileBasalRate=1000,profileCarbRatio=6000,profileISF=30,profileStartTime=0,profileTargetBG=110,segmentIndex=0,status=15,cargo={0,0,0,0,-24,3,112,23,0,0,110,0,30,0,15}]

READ	['00011000']	ERROR
WRITE	['002a3a2a00d527']	HistoryLogStatusRequest[cargo={}]

READ	['002a3b2a0cf811000000000000f711000052d5']	HistoryLogStatusResponse[firstSequenceNum=0,lastSequenceNum=4599,numEntries=4600,cargo={-8,17,0,0,0,0,0,0,-9,17,0,0}]

WRITE	['002b6c2b008af8']	ControlIQIOBRequest[cargo={}]

READ	['002b6d2b110000000000000000000000000000000001de53']	ControlIQIOBResponse[iobType=1,mudaliarIOB=0,mudaliarTotalIOB=0,swan6hrIOB=0,timeRemainingSeconds=0,cargo={0,0,0,0,0,0,0,0,0,0,0,0,0,0,0,0,1}]

WRITE	['002c502c00d9d1']	CGMStatusRequest[cargo={}]

READ	['002c512c0a00000000000000000000ea5b']	CGMStatusResponse[lastCalibrationTimestamp=0,sensorStartedTimestamp=0,sessionState=0,transmitterBatteryStatus=0,cargo={0,0,0,0,0,0,0,0,0,0}]

WRITE	['002d362d0023cb']	TimeSinceResetRequest[cargo={}]

READ	['002d372d0804628e1a590d0000c294']	TimeSinceResetResponse[pumpTime=3417,timeSinceReset=445538820,cargo={4,98,-114,26,89,13,0,0}]

WRITE	['002e3e2e00d137']	ProfileStatusRequest[cargo={}]

READ	['002e3f2e080100ffffffffff008147']	ProfileStatusResponse[activeSegmentIndex=0,idpSlot0Id=0,idpSlot1Id=-1,idpSlot2Id=-1,idpSlot3Id=-1,idpSlot4Id=-1,idpSlot5Id=-1,numberOfProfiles=1,cargo={1,0,-1,-1,-1,-1,-1,0}]

WRITE	['00000000']	Unknown opcode 0
WRITE	['002f3a2f0020d8']	HistoryLogStatusRequest[cargo={}]

READ	['002f3b2f0cf811000000000000f71100009653']	HistoryLogStatusResponse[firstSequenceNum=0,lastSequenceNum=4599,numEntries=4600,cargo={-8,17,0,0,0,0,0,0,-9,17,0,0}]

WRITE	['00303c3005f7110000020a69']	HistoryLogRequest[numberOfLogs=2,startLog=4599,cargo={-9,17,0,0,2}]

READ	['00303d30020027942a']	HistoryLogResponse[status=0,streamId=39,cargo={0,39}]

WRITE	['003140310100f82b']	Unknown opcode 64
READ	['00314131170041000000000000000000000000000000012c01102701fe79', '000081003602270d0004628e1af711000085d32101a0ef990346efd84300000000510032']	Unknown opcode 65
WRITE	['0032423202000006eb']	IDPSegmentRequest[idpId=0,segmentIndex=0,cargo={0,0}]

READ	['003243320f00000000e803701700006e001e000f519e']	IDPSegmentResponse[idpId=0,profileBasalRate=1000,profileCarbRatio=6000,profileISF=30,profileStartTime=0,profileTargetBG=110,segmentIndex=0,status=15,cargo={0,0,0,0,-24,3,112,23,0,0,110,0,30,0,15}]

WRITE	['00333633005feb']	TimeSinceResetRequest[cargo={}]

READ	['003337330843628e1a980d000078cd']	TimeSinceResetResponse[pumpTime=3480,timeSinceReset=445538883,cargo={67,98,-114,26,-104,13,0,0}]

WRITE	['0034363400c872']	TimeSinceResetRequest[cargo={}]

READ	['00343734087e628e1ad30d0000b9b1']	TimeSinceResetResponse[pumpTime=3539,timeSinceReset=445538942,cargo={126,98,-114,26,-45,13,0,0}]

WRITE	['0035363500f941']	TimeSinceResetRequest[cargo={}]

READ	['0035373508ba628e1a0f0e0000a164']	TimeSinceResetResponse[pumpTime=3599,timeSinceReset=445539002,cargo={-70,98,-114,26,15,14,0,0}]

WRITE	['0036363600aa14']	TimeSinceResetRequest[cargo={}]

READ	['0036373608f5628e1a4a0e0000a528']	TimeSinceResetResponse[pumpTime=3658,timeSinceReset=445539061,cargo={-11,98,-114,26,74,14,0,0}]

WRITE	['00373637009b27']	TimeSinceResetRequest[cargo={}]

READ	['003737370831638e1a860e00002b07']	TimeSinceResetResponse[pumpTime=3718,timeSinceReset=445539121,cargo={49,99,-114,26,-122,14,0,0}]

WRITE	['00383a3800c442']	HistoryLogStatusRequest[cargo={}]

READ	['00383b380cfc11000000000000fb11000081a7']	HistoryLogStatusResponse[firstSequenceNum=0,lastSequenceNum=4603,numEntries=4604,cargo={-4,17,0,0,0,0,0,0,-5,17,0,0}]

WRITE	['0039283900f65c']	CurrentBasalStatusRequest[cargo={}]

READ	['0039293909e8030000000000000136e4']	CurrentBasalStatusResponse[basalModifiedBitmask=1,currentBasalRate=0,profileBasalRate=1000,cargo={-24,3,0,0,0,0,0,0,1}]

WRITE	['013aa23a1831638e1ae90d2ba38a8d01e8b70ac8']	Unknown opcode -94
WRITE	['003a25a705fb4178bfee5c4dd1']	ERROR
WRITE	['003b3c3b05fb11000004c8c9']	HistoryLogRequest[numberOfLogs=4,startLog=4603,cargo={-5,17,0,0,4}]

READ	['003b3d3b02002864c5', '003aa33a1e01000000000159638e1a12dcc48890adc5f3bbd3883c616b3895f0ef161ce5']	ERROR
READ	['000081001c0128170021628e1af8110000640000006400000099000000ce649a0367f3', '00008100500328db00c2628e1afb11000000000000000000000000000006000000ed00c1']	ERROR
READ	['a0024000']	Unknown opcode 64
WRITE	['003c283c0003a3']	CurrentBasalStatusRequest[cargo={}]

READ	['003c293c09e8030000e803000000e4df']	CurrentBasalStatusResponse[basalModifiedBitmask=0,currentBasalRate=1000,profileBasalRate=1000,cargo={-24,3,0,0,-24,3,0,0,0}]

WRITE	['003d223d00f357']	CurrentEGVGuiDataRequest[cargo={}]

READ	['003d233d08000000000000040014c6']	CurrentEGVGuiDataResponse[bgReadingTimestampSeconds=0,cgmReading=0,egvStatus=4,trendRate=0,cargo={0,0,0,0,0,0,4,0}]

WRITE	['003e383e000286']	HomeScreenMirrorRequest[cargo={}]

READ	['003e393e0900ffc8c8c800000100c68c']	HomeScreenMirrorResponse[apControlStateIcon=0,basalStatusIcon=0,bolusStatusIcon=200,cgmAlertIcon=255,cgmDisplayData=false,cgmTrendIcon=0,remainingInsulinPlusIcon=true,statusIcon0=200,statusIcon1=200,cargo={0,-1,-56,-56,-56,0,0,1,0}]

WRITE	['003f3a3f0053db']	HistoryLogStatusRequest[cargo={}]

READ	['003f3b3f0c0812000000000000071200009705']	HistoryLogStatusResponse[firstSequenceNum=0,lastSequenceNum=4615,numEntries=4616,cargo={8,18,0,0,0,0,0,0,7,18,0,0}]

WRITE	['0040b24000cf51']	ControlIQInfoV2Request[cargo={}]

READ	['0040b3401301dc0001640000000402000000000000000000bc50']	ControlIQInfoV2Response[byte6=0,byte7=0,byte8=4,closedLoopEnabled=true,controlStateType=2,currentUserModeType=0,exerciseChoice=0,exerciseDuration=0,totalDailyInsulin=100,weight=220,weightUnit=1,cargo={1,-36,0,1,100,0,0,0,4,2,0,0,0,0,0,0,0,0,0}]

WRITE	['004124410067a8']	InsulinStatusRequest[cargo={}]

READ	['0041254104b40001148d1a']	InsulinStatusResponse[currentInsulinAmount=180,insulinLowAmount=20,isEstimate=1,cargo={-76,0,1,20}]

WRITE	['00426c42003849']	ControlIQIOBRequest[cargo={}]

READ	['00426d4211000000000000000000000000000000000131bc']	ControlIQIOBResponse[iobType=1,mudaliarIOB=0,mudaliarTotalIOB=0,swan6hrIOB=0,timeRemainingSeconds=0,cargo={0,0,0,0,0,0,0,0,0,0,0,0,0,0,0,0,1}]

WRITE	['0043224300a57c']	CurrentEGVGuiDataRequest[cargo={}]

READ	['004323430800000000000004006120']	CurrentEGVGuiDataResponse[bgReadingTimestampSeconds=0,cgmReading=0,egvStatus=4,trendRate=0,cargo={0,0,0,0,0,0,4,0}]

WRITE	['00443e440030d3']	ProfileStatusRequest[cargo={}]

READ	['00443f44080100ffffffffff005798']	ProfileStatusResponse[activeSegmentIndex=0,idpSlot0Id=0,idpSlot1Id=-1,idpSlot2Id=-1,idpSlot3Id=-1,idpSlot4Id=-1,idpSlot5Id=-1,numberOfProfiles=1,cargo={1,0,-1,-1,-1,-1,-1,0}]

WRITE	['00456c4500afd0']	ControlIQIOBRequest[cargo={}]

READ	['00456d451100000000000000000000000000000000012e86']	ControlIQIOBResponse[iobType=1,mudaliarIOB=0,mudaliarTotalIOB=0,swan6hrIOB=0,timeRemainingSeconds=0,cargo={0,0,0,0,0,0,0,0,0,0,0,0,0,0,0,0,1}]

WRITE	['0046384600f207']	HomeScreenMirrorRequest[cargo={}]

READ	['004639460900ffc8c8c800000100da95']	HomeScreenMirrorResponse[apControlStateIcon=0,basalStatusIcon=0,bolusStatusIcon=200,cgmAlertIcon=255,cgmDisplayData=false,cgmTrendIcon=0,remainingInsulinPlusIcon=true,statusIcon0=200,statusIcon1=200,cargo={0,-1,-56,-56,-56,0,0,1,0}]

WRITE	['0047284700a077']	CurrentBasalStatusRequest[cargo={}]

READ	['0047294709e8030000e80300000002be']	CurrentBasalStatusResponse[basalModifiedBitmask=0,currentBasalRate=1000,profileBasalRate=1000,cargo={-24,3,0,0,-24,3,0,0,0}]

WRITE	['00482a4800fe09']	TempRateRequest[cargo={}]

READ	['00482b480a000000000000000000004e05']	TempRateResponse[active=false,duration=0,percentage=0,startTime=0,cargo={0,0,0,0,0,0,0,0,0,0}]

WRITE	['00496c4900c295']	ControlIQIOBRequest[cargo={}]

READ	['00496d491100000000000000000000000000000000010f5e']	ControlIQIOBResponse[iobType=1,mudaliarIOB=0,mudaliarTotalIOB=0,swan6hrIOB=0,timeRemainingSeconds=0,cargo={0,0,0,0,0,0,0,0,0,0,0,0,0,0,0,0,1}]

WRITE	['004ab24a0004be']	ControlIQInfoV2Request[cargo={}]

READ	['004ab34a1301dc00016400000004020000000000000000000724']	ControlIQInfoV2Response[byte6=0,byte7=0,byte8=4,closedLoopEnabled=true,controlStateType=2,currentUserModeType=0,exerciseChoice=0,exerciseDuration=0,totalDailyInsulin=100,weight=220,weightUnit=1,cargo={1,-36,0,1,100,0,0,0,4,2,0,0,0,0,0,0,0,0,0}]

WRITE	['004b6a4b000041']	ControlIQSleepScheduleRequest[cargo={}]

READ	['004b6b4b1800006405a40100006405a40100006405a40100006405a401cf2f']	ControlIQSleepScheduleResponse[schedule0=ControlIQSleepScheduleResponse.SleepSchedule[activeDays=0,enabled=0,endTime=420,startTime=1380],schedule1=ControlIQSleepScheduleResponse.SleepSchedule[activeDays=0,enabled=0,endTime=420,startTime=1380],schedule2=ControlIQSleepScheduleResponse.SleepSchedule[activeDays=0,enabled=0,endTime=420,startTime=1380],schedule3=ControlIQSleepScheduleResponse.SleepSchedule[activeDays=0,enabled=0,endTime=420,startTime=1380],cargo={0,0,100,5,-92,1,0,0,100,5,-92,1,0,0,100,5,-92,1,0,0,100,5,-92,1}]

WRITE	['00000000']	Unknown opcode 0
WRITE	['004c3a4c005986']	HistoryLogStatusRequest[cargo={}]

READ	['004c3b4c0c081200000000000007120000b3f8']	HistoryLogStatusResponse[firstSequenceNum=0,lastSequenceNum=4615,numEntries=4616,cargo={8,18,0,0,0,0,0,0,7,18,0,0}]

WRITE	['004db24d009327']	ControlIQInfoV2Request[cargo={}]

READ	['004db34d1301dc0001640000000402000000000000000000872d']	ControlIQInfoV2Response[byte6=0,byte7=0,byte8=4,closedLoopEnabled=true,controlStateType=2,currentUserModeType=0,exerciseChoice=0,exerciseDuration=0,totalDailyInsulin=100,weight=220,weightUnit=1,cargo={1,-36,0,1,100,0,0,0,4,2,0,0,0,0,0,0,0,0,0}]

WRITE	['004e3c4e05071200000ca79a']	HistoryLogRequest[numberOfLogs=12,startLog=4615,cargo={7,18,0,0,12}]

READ	['004e3d4e020029752b']	HistoryLogResponse[status=0,streamId=41,cargo={0,41}]

WRITE	['004f6a4f00c48d']	ControlIQSleepScheduleRequest[cargo={}]

READ	['004f6b4f1800006405a40100006405a40100006405a40100006405a40109be', '00008100500329090065638e1a071200006464050400000000b40001ffffff0000170165', '00008100500329e60065638e1a04120000020000000001000000000000000000000c0065']	ERROR
WRITE	['005028500044ed']	CurrentBasalStatusRequest[cargo={}]

READ	['0050295009e8030000e80300000082c2', '000081005003290a005e638e1a0112000001030000d7349f038a369f03ce379f0316005d', '0000810050032911005b638e1afe1100005e2e9f03010000000000000000000000290159']	ERROR
WRITE	['0151a2511831638e1a9de6587a97de1be564d220']	Unknown opcode -94
WRITE	['0051fa05b79ec44eb91f44c18f']	Unknown opcode -6
WRITE	['005240520100c3e9']	Unknown opcode 64
READ	['00524152170041000000000000000000000000000000012c01102701baef', '0051a3511e00030000000068638e1acca7de21cf4e728a387ac9a87b8a3071083ab8ab90']	Unknown opcode 65
WRITE	['0053b25300ef07']	ControlIQInfoV2Request[cargo={}]

READ	['0053b3531301dc00016400000004020000000000000000004ab0']	ControlIQInfoV2Response[byte6=0,byte7=0,byte8=4,closedLoopEnabled=true,controlStateType=2,currentUserModeType=0,exerciseChoice=0,exerciseDuration=0,totalDailyInsulin=100,weight=220,weightUnit=1,cargo={1,-36,0,1,100,0,0,0,4,2,0,0,0,0,0,0,0,0,0}]

WRITE	['00546a54004d52']	ControlIQSleepScheduleRequest[cargo={}]

READ	['00546b541800006405a40100006405a40100006405a40100006405a4017c0e']	ControlIQSleepScheduleResponse[schedule0=ControlIQSleepScheduleResponse.SleepSchedule[activeDays=0,enabled=0,endTime=420,startTime=1380],schedule1=ControlIQSleepScheduleResponse.SleepSchedule[activeDays=0,enabled=0,endTime=420,startTime=1380],schedule2=ControlIQSleepScheduleResponse.SleepSchedule[activeDays=0,enabled=0,endTime=420,startTime=1380],schedule3=ControlIQSleepScheduleResponse.SleepSchedule[activeDays=0,enabled=0,endTime=420,startTime=1380],cargo={0,0,100,5,-92,1,0,0,100,5,-92,1,0,0,100,5,-92,1,0,0,100,5,-92,1}]

WRITE	['00556a55007c61']	ControlIQSleepScheduleRequest[cargo={}]

READ	['00556b551800006405a40100006405a40100006405a40100006405a4011da2']	ControlIQSleepScheduleResponse[schedule0=ControlIQSleepScheduleResponse.SleepSchedule[activeDays=0,enabled=0,endTime=420,startTime=1380],schedule1=ControlIQSleepScheduleResponse.SleepSchedule[activeDays=0,enabled=0,endTime=420,startTime=1380],schedule2=ControlIQSleepScheduleResponse.SleepSchedule[activeDays=0,enabled=0,endTime=420,startTime=1380],schedule3=ControlIQSleepScheduleResponse.SleepSchedule[activeDays=0,enabled=0,endTime=420,startTime=1380],cargo={0,0,100,5,-92,1,0,0,100,5,-92,1,0,0,100,5,-92,1,0,0,100,5,-92,1}]

WRITE	['0056725600edde']	Unknown opcode 114
WRITE	['00574257020000910e']	IDPSegmentRequest[idpId=0,segmentIndex=0,cargo={0,0}]

READ	['005743570f00000000e803701700006e001e000f3d89', '005673562e00000000000000b4006e001e000170170000102700000000000000000000ff']	ERROR
WRITE	['00586a58002017']	ControlIQSleepScheduleRequest[cargo={}]

READ	['00586b581800006405a40100006405a40100006405a40100006405a40117ac']	ControlIQSleepScheduleResponse[schedule0=ControlIQSleepScheduleResponse.SleepSchedule[activeDays=0,enabled=0,endTime=420,startTime=1380],schedule1=ControlIQSleepScheduleResponse.SleepSchedule[activeDays=0,enabled=0,endTime=420,startTime=1380],schedule2=ControlIQSleepScheduleResponse.SleepSchedule[activeDays=0,enabled=0,endTime=420,startTime=1380],schedule3=ControlIQSleepScheduleResponse.SleepSchedule[activeDays=0,enabled=0,endTime=420,startTime=1380],cargo={0,0,100,5,-92,1,0,0,100,5,-92,1,0,0,100,5,-92,1,0,0,100,5,-92,1}]

WRITE	['0059365900be0f']	TimeSinceResetRequest[cargo={}]

READ	['00593759086e638e1ac30e0000b7b5']	TimeSinceResetResponse[pumpTime=3779,timeSinceReset=445539182,cargo={110,99,-114,26,-61,14,0,0}]

WRITE	['035a9e5a3de80300000300000008000000000000']	Unknown opcode -98
WRITE	['025a000000000000000000000000000000000000']	Unknown opcode 0
WRITE	['015a000000006e638e1a7e34d7efb718c1b44b4d']	Unknown opcode 0
WRITE	['005a33a17d228e6abbb2be087c1c']	ERROR
READ	['00040000', '005a9f5a1e0003000000007b638e1a402315281428c820de2eeb2193d371bde800ac68a5']	Unknown opcode 0
WRITE	['00000000']	Unknown opcode 0
WRITE	['005b2c5b007eed']	CurrentBolusStatusRequest[cargo={}]

READ	['20040000']	Unknown opcode 0
READ	['005b2d5b0f0203001ac37b638e1ae803000008088181']	CurrentBolusStatusResponse[bolusId=3,bolusSource=8,bolusTypeBitmask=8,requestedVolume=1000,status=2,timestamp=445539195,cargo={2,3,0,26,-61,123,99,-114,26,-24,3,0,0,8,8}]

WRITE	['005c2e5c00891a']	ExtendedBolusStatusRequest[cargo={}]

READ	['005c2f5c120000001ac300000000000000000000000000e908']	ExtendedBolusStatusResponse[bolusId=0,bolusSource=0,bolusStatus=0,duration=0,requestedVolume=0,timestamp=0,cargo={0,0,0,26,-61,0,0,0,0,0,0,0,0,0,0,0,0,0}]

WRITE	['005da45d0023d5']	Unknown opcode -92
READ	['005da55d180000000000000000000000000000000000000000000000005a54']	Unknown opcode -91
WRITE	['005e3a5e0048e3']	HistoryLogStatusRequest[cargo={}]

READ	['005e3b5e0c151200000000000014120000a46a']	HistoryLogStatusResponse[firstSequenceNum=0,lastSequenceNum=4628,numEntries=4629,cargo={21,18,0,0,0,0,0,0,20,18,0,0}]

WRITE	['005f3a5f0079d0']	HistoryLogStatusRequest[cargo={}]

READ	['005f3b5f0c151200000000000014120000c511']	HistoryLogStatusResponse[firstSequenceNum=0,lastSequenceNum=4628,numEntries=4629,cargo={21,18,0,0,0,0,0,0,20,18,0,0}]

WRITE	['0060286000d1e8']	CurrentBasalStatusRequest[cargo={}]

READ	['0060296009e8030000e803000000c53d']	CurrentBasalStatusResponse[basalModifiedBitmask=0,currentBasalRate=1000,profileBasalRate=1000,cargo={-24,3,0,0,-24,3,0,0,0}]

WRITE	['0061226100211c']	CurrentEGVGuiDataRequest[cargo={}]

READ	['00612361080000000000000400e6c7']	CurrentEGVGuiDataResponse[bgReadingTimestampSeconds=0,cgmReading=0,egvStatus=4,trendRate=0,cargo={0,0,0,0,0,0,4,0}]

WRITE	['0062386200d0cd']	HomeScreenMirrorRequest[cargo={}]

READ	['006239620900ffc8c80000000100725f']	HomeScreenMirrorResponse[apControlStateIcon=0,basalStatusIcon=0,bolusStatusIcon=0,cgmAlertIcon=255,cgmDisplayData=false,cgmTrendIcon=0,remainingInsulinPlusIcon=true,statusIcon0=200,statusIcon1=200,cargo={0,-1,-56,-56,0,0,0,1,0}]

WRITE	['00633a63008190']	HistoryLogStatusRequest[cargo={}]

READ	['00633b630c151200000000000014120000335c']	HistoryLogStatusResponse[firstSequenceNum=0,lastSequenceNum=4628,numEntries=4629,cargo={21,18,0,0,0,0,0,0,20,18,0,0}]

WRITE	['0064b26400ed9b']	ControlIQInfoV2Request[cargo={}]

READ	['0064b3641301dc0001640000000402000000000000000000bc3a']	ControlIQInfoV2Response[byte6=0,byte7=0,byte8=4,closedLoopEnabled=true,controlStateType=2,currentUserModeType=0,exerciseChoice=0,exerciseDuration=0,totalDailyInsulin=100,weight=220,weightUnit=1,cargo={1,-36,0,1,100,0,0,0,4,2,0,0,0,0,0,0,0,0,0}]

WRITE	['00652c6500e4cb']	CurrentBolusStatusRequest[cargo={}]

READ	['00652d650f02030001647b638e1ae80300000808d465']	CurrentBolusStatusResponse[bolusId=3,bolusSource=8,bolusTypeBitmask=8,requestedVolume=1000,status=2,timestamp=445539195,cargo={2,3,0,1,100,123,99,-114,26,-24,3,0,0,8,8}]

WRITE	['00662e6600d7f0']	ExtendedBolusStatusRequest[cargo={}]

READ	['00662f66120000000164000000000000000000000000009e53']	ExtendedBolusStatusResponse[bolusId=0,bolusSource=0,bolusStatus=0,duration=0,requestedVolume=0,timestamp=0,cargo={0,0,0,1,100,0,0,0,0,0,0,0,0,0,0,0,0,0}]

WRITE	['0067a467007d3f']	Unknown opcode -92
READ	['0067a56718000000000000000000000000000000000000000000000000fa86']	Unknown opcode -91
WRITE	['00000000']	Unknown opcode 0
WRITE	['00683c6805141200000dddaf']	HistoryLogRequest[numberOfLogs=13,startLog=4628,cargo={20,18,0,0,13}]

READ	['00683d6802002ac10b']	HistoryLogResponse[status=0,streamId=42,cargo={0,42}]

WRITE	['0069b26900b1ed']	ControlIQInfoV2Request[cargo={}]

READ	['0069b3691301dc00016400000004020000000000000000008747', '0000810050032a2a017b638e1a141200000300000000000000000000000000000057017b', '0000810050032a24017b638e1a111200006e638e1a5a080300e80300000000000027017b']	ERROR
WRITE	['006a6a6a00d774']	ControlIQSleepScheduleRequest[cargo={}]

READ	['006a6b6a1800006405a40100006405a40100006405a40100006405a4011a4d', '0000810050032a41007b638e1a0e1200000300046400000000000000000100010040007b', '0000810050032ac10075638e1a0b1200002a2a010055007e08e803000000000000290168']	ERROR
WRITE	['006b6a6b00e647']	ControlIQSleepScheduleRequest[cargo={}]

READ	['000081001c012a270168638e1a081200000300010000000000000000000000000012a9']	HistoryLogStreamResponse[historyLogs=[null],numberOfHistoryLogs=1,streamId=42,cargo={1,42,39,1,104,99,-114,26,8,18,0,0,3,0,1,0,0,0,0,0,0,0,0,0,0,0,0,0}]

READ	['006b6b6b1800006405a40100006405a40100006405a40100006405a4017be1']	ControlIQSleepScheduleResponse[schedule0=ControlIQSleepScheduleResponse.SleepSchedule[activeDays=0,enabled=0,endTime=420,startTime=1380],schedule1=ControlIQSleepScheduleResponse.SleepSchedule[activeDays=0,enabled=0,endTime=420,startTime=1380],schedule2=ControlIQSleepScheduleResponse.SleepSchedule[activeDays=0,enabled=0,endTime=420,startTime=1380],schedule3=ControlIQSleepScheduleResponse.SleepSchedule[activeDays=0,enabled=0,endTime=420,startTime=1380],cargo={0,0,100,5,-92,1,0,0,100,5,-92,1,0,0,100,5,-92,1,0,0,100,5,-92,1}]

READ	['00040000']	Unknown opcode 0
WRITE	['00000000']	Unknown opcode 0
WRITE	['006c2c6c007c71']	CurrentBolusStatusRequest[cargo={}]

READ	['006c2d6c0f01030005a48a638e1ae803000008085885']	CurrentBolusStatusResponse[bolusId=3,bolusSource=8,bolusTypeBitmask=8,requestedVolume=1000,status=1,timestamp=445539210,cargo={1,3,0,5,-92,-118,99,-114,26,-24,3,0,0,8,8}]

WRITE	['006d2e6d002d2c']	ExtendedBolusStatusRequest[cargo={}]

READ	['006d2f6d1200000005a4000000000000000000000000008157']	ExtendedBolusStatusResponse[bolusId=0,bolusSource=0,bolusStatus=0,duration=0,requestedVolume=0,timestamp=0,cargo={0,0,0,5,-92,0,0,0,0,0,0,0,0,0,0,0,0,0}]

WRITE	['006ea46e00e585']	Unknown opcode -92
READ	['006ea56e180000000000000000000000000000000000000000000000003619']	Unknown opcode -91
WRITE	['006f3a6f00ecd5']	HistoryLogStatusRequest[cargo={}]

READ	['006f3b6f0c18120000000000001712000028c4']	HistoryLogStatusResponse[firstSequenceNum=0,lastSequenceNum=4631,numEntries=4632,cargo={24,18,0,0,0,0,0,0,23,18,0,0}]

WRITE	['00703a7000a1c6']	HistoryLogStatusRequest[cargo={}]

READ	['00703b700c181200000000000017120000b299']	HistoryLogStatusResponse[firstSequenceNum=0,lastSequenceNum=4631,numEntries=4632,cargo={24,18,0,0,0,0,0,0,23,18,0,0}]

WRITE	['00713c7105171200000376bc']	HistoryLogRequest[numberOfLogs=3,startLog=4631,cargo={23,18,0,0,3}]

READ	['00713d7102002b30f3']	HistoryLogResponse[status=0,streamId=43,cargo={0,43}]

WRITE	['0072367200a2d5']	TimeSinceResetRequest[cargo={}]

READ	['0072377208a9638e1afe0e000018ae', '0000810050032b18018a638e1a17120000030001050803e803000000000000000037008a']	ERROR
WRITE	['00733a7300f293']	HistoryLogStatusRequest[cargo={}]

READ	['00733b730c1812000000000000171200001114']	HistoryLogStatusResponse[firstSequenceNum=0,lastSequenceNum=4631,numEntries=4632,cargo={24,18,0,0,0,0,0,0,23,18,0,0}]

READ	['200c0000']	Unknown opcode 0
WRITE	['00742874006627']	CurrentBasalStatusRequest[cargo={}]

READ	['0074297409e8030000e803000000bf39']	CurrentBasalStatusResponse[basalModifiedBitmask=0,currentBasalRate=1000,profileBasalRate=1000,cargo={-24,3,0,0,-24,3,0,0,0}]

WRITE	['007522750096d3']	CurrentEGVGuiDataRequest[cargo={}]

READ	['0075237508000000000000040045fe']	CurrentEGVGuiDataResponse[bgReadingTimestampSeconds=0,cgmReading=0,egvStatus=4,trendRate=0,cargo={0,0,0,0,0,0,4,0}]

WRITE	['00763876006702']	HomeScreenMirrorRequest[cargo={}]

READ	['007639760900ffc8c8c8000001009d6a']	HomeScreenMirrorResponse[apControlStateIcon=0,basalStatusIcon=0,bolusStatusIcon=200,cgmAlertIcon=255,cgmDisplayData=false,cgmTrendIcon=0,remainingInsulinPlusIcon=true,statusIcon0=200,statusIcon1=200,cargo={0,-1,-56,-56,-56,0,0,1,0}]

WRITE	['00773a7700365f']	HistoryLogStatusRequest[cargo={}]

READ	['00773b770c231200000000000022120000df3e']	HistoryLogStatusResponse[firstSequenceNum=0,lastSequenceNum=4642,numEntries=4643,cargo={35,18,0,0,0,0,0,0,34,18,0,0}]

WRITE	['0078b27800f3dd']	ControlIQInfoV2Request[cargo={}]

READ	['0078b3781301dc0001640000000402000000000000000000bc1c']	ControlIQInfoV2Response[byte6=0,byte7=0,byte8=4,closedLoopEnabled=true,controlStateType=2,currentUserModeType=0,exerciseChoice=0,exerciseDuration=0,totalDailyInsulin=100,weight=220,weightUnit=1,cargo={1,-36,0,1,100,0,0,0,4,2,0,0,0,0,0,0,0,0,0}]

WRITE	['00792c7900fa8d']	CurrentBolusStatusRequest[cargo={}]

READ	['00792d790f000000016400000000000000000000ff49']	CurrentBolusStatusResponse[bolusId=0,bolusSource=0,bolusTypeBitmask=0,requestedVolume=0,status=0,timestamp=0,cargo={0,0,0,1,100,0,0,0,0,0,0,0,0,0,0}]

WRITE	['007a2e7a00c9b6']	ExtendedBolusStatusRequest[cargo={}]

READ	['007a2f7a12000000016400000000000000000000000000b853']	ExtendedBolusStatusResponse[bolusId=0,bolusSource=0,bolusStatus=0,duration=0,requestedVolume=0,timestamp=0,cargo={0,0,0,1,100,0,0,0,0,0,0,0,0,0,0,0,0,0}]

WRITE	['007ba47b006379']	Unknown opcode -92
READ	['007ba57b180103000000b2638e1ae803000003080800000000e8030000bad6']	Unknown opcode -91
WRITE	['007c6c7c00a26f']	ControlIQIOBRequest[cargo={}]

READ	['007c6d7c11e803000050460000e8030000e80300000141dd']	ControlIQIOBResponse[iobType=1,mudaliarIOB=1000,mudaliarTotalIOB=1000,swan6hrIOB=1000,timeRemainingSeconds=18000,cargo={-24,3,0,0,80,70,0,0,-24,3,0,0,-24,3,0,0,1}]

WRITE	['00000000']	Unknown opcode 0
WRITE	['007d3a7d00fdb0']	HistoryLogStatusRequest[cargo={}]

READ	['007d3b7d0c2312000000000000221200007623']	HistoryLogStatusResponse[firstSequenceNum=0,lastSequenceNum=4642,numEntries=4643,cargo={35,18,0,0,0,0,0,0,34,18,0,0}]

WRITE	['007eb27e005577']	ControlIQInfoV2Request[cargo={}]

READ	['007eb37e1301dc0001640000000402000000000000000000cac0']	ControlIQInfoV2Response[byte6=0,byte7=0,byte8=4,closedLoopEnabled=true,controlStateType=2,currentUserModeType=0,exerciseChoice=0,exerciseDuration=0,totalDailyInsulin=100,weight=220,weightUnit=1,cargo={1,-36,0,1,100,0,0,0,4,2,0,0,0,0,0,0,0,0,0}]

WRITE	['007f3c7f05221200000b4f20']	HistoryLogRequest[numberOfLogs=11,startLog=4642,cargo={34,18,0,0,11}]

READ	['007f3d7f02002c8d21']	HistoryLogResponse[status=0,streamId=44,cargo={0,44}]

WRITE	['00806a8000ae8b']	ControlIQSleepScheduleRequest[cargo={}]

READ	['00806b801800006405a40100006405a40100006405a40100006405a4011a7f', '0000810050032c1400b2638e1a22120000030003000000803f0000803f0000803fcf00b2', '0000810050032c5100b2638e1a1f120000abaaaa3d0000803f0000000000645010c300b2']	ERROR
WRITE	['00816a81009fb8']	ControlIQSleepScheduleRequest[cargo={}]

READ	['00816b811800006405a40100006405a40100006405a40100006405a4017bd3', '0000810050032c0900b1638e1a1c1200006464050400000000b40001ffffff00000a00b1', '0000810036022c1100af638e1a19120000b273a0030000000000000000000000001100ae']	ERROR
